Unity Editor version:    6000.0.44f1 (101c91f3a8fb)
Branch:                  6000.0/release
Build type:              Release
Batch mode:              YES
macOS version:           Version 15.5 (Build 24F74)
Darwin version:          24.5.0
Architecture:            arm64
Running under Rosetta:   NO
Available memory:        16384 MB
Using pre-set license
Pro License: YES

COMMAND LINE ARGUMENTS:
/Applications/Unity/Hub/Editor/6000.0.44f1/Unity.app/Contents/MacOS/Unity
-adb2
-batchMode
-noUpm
-name
AssetImportWorker0
-projectPath
/Users/andy/Downloads/metaversedesign_2
-logFile
Logs/AssetImportWorker0.log
-srvPort
49814
-job-worker-count
3
-background-job-worker-count
8
-gc-helper-count
1
Successfully changed project path to: /Users/andy/Downloads/metaversedesign_2
/Users/andy/Downloads/metaversedesign_2
[UnityMemory] Configuration Parameters - Can be set up in boot.config
    "memorysetup-bucket-allocator-granularity=16"
    "memorysetup-bucket-allocator-bucket-count=8"
    "memorysetup-bucket-allocator-block-size=33554432"
    "memorysetup-bucket-allocator-block-count=8"
    "memorysetup-main-allocator-block-size=16777216"
    "memorysetup-thread-allocator-block-size=16777216"
    "memorysetup-gfx-main-allocator-block-size=16777216"
    "memorysetup-gfx-thread-allocator-block-size=16777216"
    "memorysetup-cache-allocator-block-size=4194304"
    "memorysetup-typetree-allocator-block-size=2097152"
    "memorysetup-profiler-bucket-allocator-granularity=16"
    "memorysetup-profiler-bucket-allocator-bucket-count=8"
    "memorysetup-profiler-bucket-allocator-block-size=33554432"
    "memorysetup-profiler-bucket-allocator-block-count=8"
    "memorysetup-profiler-allocator-block-size=16777216"
    "memorysetup-profiler-editor-allocator-block-size=1048576"
    "memorysetup-temp-allocator-size-main=16777216"
    "memorysetup-job-temp-allocator-block-size=2097152"
    "memorysetup-job-temp-allocator-block-size-background=1048576"
    "memorysetup-job-temp-allocator-reduction-small-platforms=262144"
    "memorysetup-allocator-temp-initial-block-size-main=262144"
    "memorysetup-allocator-temp-initial-block-size-worker=262144"
    "memorysetup-temp-allocator-size-background-worker=32768"
    "memorysetup-temp-allocator-size-job-worker=262144"
    "memorysetup-temp-allocator-size-preload-manager=33554432"
    "memorysetup-temp-allocator-size-nav-mesh-worker=65536"
    "memorysetup-temp-allocator-size-audio-worker=65536"
    "memorysetup-temp-allocator-size-cloud-worker=32768"
    "memorysetup-temp-allocator-size-gi-baking-worker=262144"
    "memorysetup-temp-allocator-size-gi-baking-worker=262144"
    "memorysetup-temp-allocator-size-gi-baking-worker=262144"
    "memorysetup-temp-allocator-size-gi-baking-worker=262144"
    "memorysetup-temp-allocator-size-gi-baking-worker=262144"
    "memorysetup-temp-allocator-size-gfx=262144"
Player connection [8696323840]  Target information:

Player connection [8696323840]  * "[IP] 172.21.69.73 [Port] 0 [Flags] 2 [Guid] 3175389131 [EditorId] 3175389131 [Version] 1048832 [Id] OSXEditor(0,DevMacBook-Pro-14.local) [Debug] 1 [PackageName] OSXEditor [ProjectName] Editor" 

Player connection [8696323840] Host joined multi-casting on [225.0.0.222:54997]...
Player connection [8696323840] Host joined alternative multi-casting on [225.0.0.222:34997]...
JobSystem: Creating JobQueue using job-worker-count value 3
Input System module state changed to: Initialized.
[Physics::Module] Initialized fallback backend.
[Physics::Module] Id: 0xdecafbad
Library Redirect Path: Library/
[Physics::Module] Selected backend.
[Physics::Module] Name: PhysX
[Physics::Module] Id: 0xf2b8ea05
[Physics::Module] SDK Version: 4.1.2
[Physics::Module] Integration Version: 1.0.0
[Physics::Module] Threading Mode: Multi-Threaded
Refreshing native plugins compatible for Editor in 2.44 ms, found 2 plugins.
Preloading 0 native plugins for Editor in 0.00 ms.
Initialize engine version: 6000.0.44f1 (101c91f3a8fb)
[Subsystems] Discovering subsystems at path /Applications/Unity/Hub/Editor/6000.0.44f1/Unity.app/Contents/Resources/UnitySubsystems
[Subsystems] Discovering subsystems at path /Users/andy/Downloads/metaversedesign_2/Assets
GfxDevice: creating device client; kGfxThreadingModeNonThreaded
 preferred device: Apple M1 Pro (high power)
Metal devices available: 1
0: Apple M1 Pro (high power)
Using device Apple M1 Pro (high power)
Initializing Metal device caps: Apple M1 Pro
Initialize mono
Mono path[0] = '/Applications/Unity/Hub/Editor/6000.0.44f1/Unity.app/Contents/Managed'
Mono path[1] = '/Applications/Unity/Hub/Editor/6000.0.44f1/Unity.app/Contents/MonoBleedingEdge/lib/mono/unityjit-macos'
Mono config path = '/Applications/Unity/Hub/Editor/6000.0.44f1/Unity.app/Contents/MonoBleedingEdge/etc'
Using monoOptions --debugger-agent=transport=dt_socket,embedding=1,server=y,suspend=n,address=127.0.0.1:56055
Begin MonoManager ReloadAssembly
Registering precompiled unity dll's ...
Register platform support module: /Applications/Unity/Hub/Editor/6000.0.44f1/PlaybackEngines/WebGLSupport/UnityEditor.WebGL.Extensions.dll
Register platform support module: /Applications/Unity/Hub/Editor/6000.0.44f1/Unity.app/Contents/PlaybackEngines/MacStandaloneSupport/UnityEditor.OSXStandalone.Extensions.dll
Register platform support module: /Applications/Unity/Hub/Editor/6000.0.44f1/PlaybackEngines/AndroidPlayer/UnityEditor.Android.Extensions.dll
Registered in 0.006051 seconds.
- Loaded All Assemblies, in  0.317 seconds
Native extension for Android target not found
Android Extension - Scanning For ADB Devices 171 ms
Native extension for OSXStandalone target not found
Native extension for WebGL target not found
Mono: successfully reloaded assembly
- Finished resetting the current domain, in  0.458 seconds
Domain Reload Profiling: 775ms
	BeginReloadAssembly (108ms)
		ExecutionOrderSort (0ms)
		DisableScriptedObjects (0ms)
		BackupInstance (0ms)
		ReleaseScriptingObjects (0ms)
		CreateAndSetChildDomain (0ms)
	RebuildCommonClasses (27ms)
	RebuildNativeTypeToScriptingClass (9ms)
	initialDomainReloadingComplete (37ms)
	LoadAllAssembliesAndSetupDomain (135ms)
		LoadAssemblies (110ms)
		RebuildTransferFunctionScriptingTraits (0ms)
		AnalyzeDomain (131ms)
			TypeCache.Refresh (129ms)
				TypeCache.ScanAssembly (118ms)
			BuildScriptInfoCaches (0ms)
			ResolveRequiredComponents (1ms)
	FinalizeReload (459ms)
		ReleaseScriptCaches (0ms)
		RebuildScriptCaches (0ms)
		SetupLoadedEditorAssemblies (421ms)
			LogAssemblyErrors (0ms)
			InitializePlatformSupportModulesInManaged (234ms)
			SetLoadedEditorAssemblies (3ms)
			BeforeProcessingInitializeOnLoad (41ms)
			ProcessInitializeOnLoadAttributes (93ms)
			ProcessInitializeOnLoadMethodAttributes (50ms)
			AfterProcessingInitializeOnLoad (0ms)
			EditorAssembliesLoaded (0ms)
		ExecutionOrderSort2 (0ms)
		AwakeInstancesAfterBackupRestoration (0ms)
========================================================================
Worker process is ready to serve import requests
Import Worker Mode flag is 0x00
Begin MonoManager ReloadAssembly
- Loaded All Assemblies, in  0.583 seconds
Refreshing native plugins compatible for Editor in 0.33 ms, found 2 plugins.
Native extension for Android target not found
Native extension for OSXStandalone target not found
Native extension for WebGL target not found
Mono: successfully reloaded assembly
- Finished resetting the current domain, in  0.617 seconds
Domain Reload Profiling: 1196ms
	BeginReloadAssembly (102ms)
		ExecutionOrderSort (0ms)
		DisableScriptedObjects (4ms)
		BackupInstance (0ms)
		ReleaseScriptingObjects (0ms)
		CreateAndSetChildDomain (29ms)
	RebuildCommonClasses (31ms)
	RebuildNativeTypeToScriptingClass (14ms)
	initialDomainReloadingComplete (27ms)
	LoadAllAssembliesAndSetupDomain (406ms)
		LoadAssemblies (272ms)
		RebuildTransferFunctionScriptingTraits (0ms)
		AnalyzeDomain (181ms)
			TypeCache.Refresh (145ms)
				TypeCache.ScanAssembly (127ms)
			BuildScriptInfoCaches (28ms)
			ResolveRequiredComponents (7ms)
	FinalizeReload (617ms)
		ReleaseScriptCaches (0ms)
		RebuildScriptCaches (0ms)
		SetupLoadedEditorAssemblies (491ms)
			LogAssemblyErrors (0ms)
			InitializePlatformSupportModulesInManaged (7ms)
			SetLoadedEditorAssemblies (4ms)
			BeforeProcessingInitializeOnLoad (81ms)
			ProcessInitializeOnLoadAttributes (339ms)
			ProcessInitializeOnLoadMethodAttributes (59ms)
			AfterProcessingInitializeOnLoad (1ms)
			EditorAssembliesLoaded (0ms)
		ExecutionOrderSort2 (0ms)
		AwakeInstancesAfterBackupRestoration (2ms)
Launching external process: /Applications/Unity/Hub/Editor/6000.0.44f1/Unity.app/Contents/Tools/UnityShaderCompiler
Launched and connected shader compiler UnityShaderCompiler after 0.05 seconds
Refreshing native plugins compatible for Editor in 0.37 ms, found 2 plugins.
Preloading 0 native plugins for Editor in 0.00 ms.
Unloading 199 Unused Serialized files (Serialized files now loaded: 0)
Unloading 5997 unused Assets / (3.6 MB). Loaded Objects now: 6689.
Memory consumption went from 156.0 MB to 152.3 MB.
Total: 5.710750 ms (FindLiveObjects: 0.313500 ms CreateObjectMapping: 0.179209 ms MarkObjects: 3.949125 ms  DeleteObjects: 1.268417 ms)

========================================================================
Received Import Request.
  Time since last request: 995245.231026 seconds.
  path: Assets/Starfield Skybox/Demo/Textures/Up_Tex.png
  artifactKey: Guid(8313f24c5bda59240aabef5e6c46f9a5) Importer(2089858483,192608db42251d675da83286b1cce702)
Start importing Assets/Starfield Skybox/Demo/Textures/Up_Tex.png using Guid(8313f24c5bda59240aabef5e6c46f9a5) Importer(2089858483,192608db42251d675da83286b1cce702) (ScriptedImporter) -> (artifact id: 'a7802551c56e4b71b47d4946d1f956a5') in 0.15397325 seconds
Number of updated asset objects reloaded before import = 0Number of asset objects unloaded after import = 1

========================================================================
Received Import Request.
  Time since last request: 0.000171 seconds.
  path: Assets/Scenes/Gloval Volume/Global Volume Profile.asset
  artifactKey: Guid(348ae2d8501083049857b67ded67ba06) Importer(2089858483,192608db42251d675da83286b1cce702)
Start importing Assets/Scenes/Gloval Volume/Global Volume Profile.asset using Guid(348ae2d8501083049857b67ded67ba06) Importer(2089858483,192608db42251d675da83286b1cce702) (ScriptedImporter) -> (artifact id: 'f8ea4f4ef502d340e713a11edfe0a341') in 0.03086775 seconds
Number of updated asset objects reloaded before import = 0Number of asset objects unloaded after import = 8

========================================================================
Received Import Request.
  Time since last request: 0.001132 seconds.
  path: Assets/Materials/RenderMaterials/DownTextureMaterial.mat
  artifactKey: Guid(9f01837e016f9ed49a6ddddcdbf2061c) Importer(2089858483,192608db42251d675da83286b1cce702)
Start importing Assets/Materials/RenderMaterials/DownTextureMaterial.mat using Guid(9f01837e016f9ed49a6ddddcdbf2061c) Importer(2089858483,192608db42251d675da83286b1cce702) (ScriptedImporter) -> (artifact id: 'c4d16a00a6a897ecd9a6f632fbc261fb') in 0.010279791 seconds
Number of updated asset objects reloaded before import = 0Number of asset objects unloaded after import = 2

========================================================================
Received Import Request.
  Time since last request: 0.000058 seconds.
  path: Assets/Scripts/CrossFaceParticleManager.cs
  artifactKey: Guid(08f8431f9bd052342977b008f6699b24) Importer(2089858483,192608db42251d675da83286b1cce702)
Start importing Assets/Scripts/CrossFaceParticleManager.cs using Guid(08f8431f9bd052342977b008f6699b24) Importer(2089858483,192608db42251d675da83286b1cce702) (ScriptedImporter) -> (artifact id: '1953b129faeb6648bfdc9dfe6679ee90') in 0.007969375 seconds
Number of updated asset objects reloaded before import = 0Number of asset objects unloaded after import = 0

========================================================================
Received Import Request.
  Time since last request: 0.000040 seconds.
  path: Assets/Textures/Left.renderTexture
  artifactKey: Guid(aa74d11adbd9b324fb77b6899df6ac4d) Importer(2089858483,192608db42251d675da83286b1cce702)
Start importing Assets/Textures/Left.renderTexture using Guid(aa74d11adbd9b324fb77b6899df6ac4d) Importer(2089858483,192608db42251d675da83286b1cce702) (ScriptedImporter) -> (artifact id: '762d7a1d56bbe4fe9f3569ed2d6ad684') in 0.008512792 seconds
Number of updated asset objects reloaded before import = 0Number of asset objects unloaded after import = 1

========================================================================
Received Import Request.
  Time since last request: 0.000048 seconds.
  path: Assets/Starfield Skybox/Demo/DemoScene.unity
  artifactKey: Guid(47cd513b8c4397e4ca272a1ff269d933) Importer(2089858483,192608db42251d675da83286b1cce702)
Start importing Assets/Starfield Skybox/Demo/DemoScene.unity using Guid(47cd513b8c4397e4ca272a1ff269d933) Importer(2089858483,192608db42251d675da83286b1cce702) (ScriptedImporter) -> (artifact id: '7d056cb34c01e1b07a03f43813371637') in 0.003516291 seconds
Number of updated asset objects reloaded before import = 0Number of asset objects unloaded after import = 1

========================================================================
Received Import Request.
  Time since last request: 0.000048 seconds.
  path: Assets/Settings/PC_RPAsset.asset
  artifactKey: Guid(4b83569d67af61e458304325a23e5dfd) Importer(2089858483,192608db42251d675da83286b1cce702)
Start importing Assets/Settings/PC_RPAsset.asset using Guid(4b83569d67af61e458304325a23e5dfd) Importer(2089858483,192608db42251d675da83286b1cce702) (ScriptedImporter) -> (artifact id: '16fae52470a9c5cf6d9266487f795ab0') in 0.033719958 seconds
Number of updated asset objects reloaded before import = 0Number of asset objects unloaded after import = 1

========================================================================
Received Import Request.
  Time since last request: 0.000052 seconds.
  path: Assets/Scripts/ProjectionSetup.cs
  artifactKey: Guid(7b83fa0647827f6449c5031689c72ea6) Importer(2089858483,192608db42251d675da83286b1cce702)
Start importing Assets/Scripts/ProjectionSetup.cs using Guid(7b83fa0647827f6449c5031689c72ea6) Importer(2089858483,192608db42251d675da83286b1cce702) (ScriptedImporter) -> (artifact id: 'ea980702c2c2bf8be1eaee3b84d04521') in 0.002318625 seconds
Number of updated asset objects reloaded before import = 0Number of asset objects unloaded after import = 0

========================================================================
Received Import Request.
  Time since last request: 0.000051 seconds.
  path: Assets/Materials/Particle.mat
  artifactKey: Guid(9aade1ff1a08d1d40b0fecd9148dddd1) Importer(2089858483,192608db42251d675da83286b1cce702)
Start importing Assets/Materials/Particle.mat using Guid(9aade1ff1a08d1d40b0fecd9148dddd1) Importer(2089858483,192608db42251d675da83286b1cce702) (ScriptedImporter) -> (artifact id: '4f00f3a14740bae4e5f9154ff484f968') in 0.010147208 seconds
Number of updated asset objects reloaded before import = 0Number of asset objects unloaded after import = 1

========================================================================
Received Import Request.
  Time since last request: 0.000048 seconds.
  path: Assets/Textures/Attic/Right.png
  artifactKey: Guid(7321f6921e1a345f7aa16cfee40f9d25) Importer(2089858483,192608db42251d675da83286b1cce702)
Start importing Assets/Textures/Attic/Right.png using Guid(7321f6921e1a345f7aa16cfee40f9d25) Importer(2089858483,192608db42251d675da83286b1cce702) (ScriptedImporter) -> (artifact id: '141a301629cb73b2e675c6206b143103') in 0.006359542 seconds
Number of updated asset objects reloaded before import = 0Number of asset objects unloaded after import = 1

========================================================================
Received Import Request.
  Time since last request: 0.000057 seconds.
  path: Assets/Starfield Skybox/Demo/Textures/Right_Tex.png
  artifactKey: Guid(411c36f0804e8c248a3f6470ca50cd85) Importer(2089858483,192608db42251d675da83286b1cce702)
Start importing Assets/Starfield Skybox/Demo/Textures/Right_Tex.png using Guid(411c36f0804e8c248a3f6470ca50cd85) Importer(2089858483,192608db42251d675da83286b1cce702) (ScriptedImporter) -> (artifact id: '82ba2c78e245623b08c8e3341e47f8b4') in 0.021875833 seconds
Number of updated asset objects reloaded before import = 0Number of asset objects unloaded after import = 1

========================================================================
Received Import Request.
  Time since last request: 0.000064 seconds.
  path: Assets/Textures/RenderTextures/DownRenderTexture.asset
  artifactKey: Guid(4f7503bd840b19a4292e95ef6fed1033) Importer(2089858483,192608db42251d675da83286b1cce702)
Start importing Assets/Textures/RenderTextures/DownRenderTexture.asset using Guid(4f7503bd840b19a4292e95ef6fed1033) Importer(2089858483,192608db42251d675da83286b1cce702) (ScriptedImporter) -> (artifact id: 'e3fbe78817c6f59de1c3e11b4eebdb2d') in 0.003035375 seconds
Number of updated asset objects reloaded before import = 0Number of asset objects unloaded after import = 1

========================================================================
Received Import Request.
  Time since last request: 0.000050 seconds.
  path: Assets/Textures/RenderTextures/CombinedRenderTexture.asset
  artifactKey: Guid(b1da11b2eb18502498d7a3455e2a959f) Importer(2089858483,192608db42251d675da83286b1cce702)
Start importing Assets/Textures/RenderTextures/CombinedRenderTexture.asset using Guid(b1da11b2eb18502498d7a3455e2a959f) Importer(2089858483,192608db42251d675da83286b1cce702) (ScriptedImporter) -> (artifact id: '4bfef1c49839adeac1b5e83278dbe53f') in 0.003077125 seconds
Number of updated asset objects reloaded before import = 0Number of asset objects unloaded after import = 1

========================================================================
Received Import Request.
  Time since last request: 0.000048 seconds.
  path: Assets/Textures/CombinedTexture.shader
  artifactKey: Guid(f237039bb51629b4f9af72751750eaa0) Importer(2089858483,192608db42251d675da83286b1cce702)
Start importing Assets/Textures/CombinedTexture.shader using Guid(f237039bb51629b4f9af72751750eaa0) Importer(2089858483,192608db42251d675da83286b1cce702) (ScriptedImporter) -> (artifact id: 'e8c933e91316858d999fd7821e044d9a') in 0.005727584 seconds
Number of updated asset objects reloaded before import = 0Number of asset objects unloaded after import = 1

========================================================================
Received Import Request.
  Time since last request: 0.000048 seconds.
  path: Assets/Scenes/Main.unity
  artifactKey: Guid(2256dc353c508084885149ac8627ba5b) Importer(2089858483,192608db42251d675da83286b1cce702)
Start importing Assets/Scenes/Main.unity using Guid(2256dc353c508084885149ac8627ba5b) Importer(2089858483,192608db42251d675da83286b1cce702) (ScriptedImporter) -> (artifact id: '3cab3beb4fa3c3d506d65d04a667d6e2') in 0.004591417 seconds
Number of updated asset objects reloaded before import = 0Number of asset objects unloaded after import = 1

========================================================================
Received Import Request.
  Time since last request: 0.000054 seconds.
  path: Assets/URP/Scripts/Readme.cs
  artifactKey: Guid(fcf7219bab7fe46a1ad266029b2fee19) Importer(2089858483,192608db42251d675da83286b1cce702)
Start importing Assets/URP/Scripts/Readme.cs using Guid(fcf7219bab7fe46a1ad266029b2fee19) Importer(2089858483,192608db42251d675da83286b1cce702) (ScriptedImporter) -> (artifact id: '6004f08faa14050c038de1e0549674b8') in 0.002105875 seconds
Number of updated asset objects reloaded before import = 0Number of asset objects unloaded after import = 0

========================================================================
Received Import Request.
  Time since last request: 0.000036 seconds.
  path: Assets/Editor/TextureCombinerExampleMenu.cs
  artifactKey: Guid(6332aab1aae5664428a5eca55e3353c2) Importer(2089858483,192608db42251d675da83286b1cce702)
Start importing Assets/Editor/TextureCombinerExampleMenu.cs using Guid(6332aab1aae5664428a5eca55e3353c2) Importer(2089858483,192608db42251d675da83286b1cce702) (ScriptedImporter) -> (artifact id: '499a1b8dfdfcb223994b9419cfe90d8c') in 0.005794208 seconds
Number of updated asset objects reloaded before import = 0Number of asset objects unloaded after import = 0

========================================================================
Received Import Request.
  Time since last request: 0.000075 seconds.
  path: Assets/Materials/Right.mat
  artifactKey: Guid(09b84ed4a7dfb23458a0f1a5f052d3ee) Importer(2089858483,192608db42251d675da83286b1cce702)
Start importing Assets/Materials/Right.mat using Guid(09b84ed4a7dfb23458a0f1a5f052d3ee) Importer(2089858483,192608db42251d675da83286b1cce702) (ScriptedImporter) -> (artifact id: 'a788f08f52b7183665ac15e81822e8c8') in 0.004118792 seconds
Number of updated asset objects reloaded before import = 0Number of asset objects unloaded after import = 3

========================================================================
Received Import Request.
  Time since last request: 0.000057 seconds.
  path: Assets/Settings/Mobile_RPAsset.asset
  artifactKey: Guid(5e6cbd92db86f4b18aec3ed561671858) Importer(2089858483,192608db42251d675da83286b1cce702)
Start importing Assets/Settings/Mobile_RPAsset.asset using Guid(5e6cbd92db86f4b18aec3ed561671858) Importer(2089858483,192608db42251d675da83286b1cce702) (ScriptedImporter) -> (artifact id: '8464ea83d8e14abb7f407fd1499b026f') in 0.00994325 seconds
Number of updated asset objects reloaded before import = 0Number of asset objects unloaded after import = 2

========================================================================
Received Import Request.
  Time since last request: 0.000086 seconds.
  path: Assets/InputSystem_Actions.inputactions
  artifactKey: Guid(052faaac586de48259a63d0c4782560b) Importer(2089858483,192608db42251d675da83286b1cce702)
Start importing Assets/InputSystem_Actions.inputactions using Guid(052faaac586de48259a63d0c4782560b) Importer(2089858483,192608db42251d675da83286b1cce702) (ScriptedImporter) -> (artifact id: '9b2630875e67224de39eb0f99e62c220') in 0.1221475 seconds
Number of updated asset objects reloaded before import = 0Number of asset objects unloaded after import = 22

========================================================================
Received Import Request.
  Time since last request: 0.000047 seconds.
  path: Assets/Editor/CrossFaceParticleManagerEditor.cs
  artifactKey: Guid(d5910f6ef96093d419b05daaf014384c) Importer(2089858483,192608db42251d675da83286b1cce702)
Start importing Assets/Editor/CrossFaceParticleManagerEditor.cs using Guid(d5910f6ef96093d419b05daaf014384c) Importer(2089858483,192608db42251d675da83286b1cce702) (ScriptedImporter) -> (artifact id: '476a1c7601938a26cac473c2f2cf822b') in 0.002237833 seconds
Number of updated asset objects reloaded before import = 0Number of asset objects unloaded after import = 0

========================================================================
Received Import Request.
  Time since last request: 0.000039 seconds.
  path: Assets/Settings/SampleSceneProfile.asset
  artifactKey: Guid(10fc4df2da32a41aaa32d77bc913491c) Importer(2089858483,192608db42251d675da83286b1cce702)
Start importing Assets/Settings/SampleSceneProfile.asset using Guid(10fc4df2da32a41aaa32d77bc913491c) Importer(2089858483,192608db42251d675da83286b1cce702) (ScriptedImporter) -> (artifact id: '5ba3ea51ead802e1b42838c73607506c') in 0.002809125 seconds
Number of updated asset objects reloaded before import = 0Number of asset objects unloaded after import = 1

========================================================================
Received Import Request.
  Time since last request: 0.000054 seconds.
  path: Assets/Scripts/MotionDetector.cs
  artifactKey: Guid(8d574220400c13b46960a8edebf0a8e0) Importer(2089858483,192608db42251d675da83286b1cce702)
Start importing Assets/Scripts/MotionDetector.cs using Guid(8d574220400c13b46960a8edebf0a8e0) Importer(2089858483,192608db42251d675da83286b1cce702) (ScriptedImporter) -> (artifact id: '6d0da4877184a9b2160c8dc0baf8fa9d') in 0.002013542 seconds
Number of updated asset objects reloaded before import = 0Number of asset objects unloaded after import = 0

========================================================================
Received Import Request.
  Time since last request: 0.000051 seconds.
  path: Assets/Textures/Down.renderTexture
  artifactKey: Guid(ed472fb691731054aa7b7f76dba58b3b) Importer(2089858483,192608db42251d675da83286b1cce702)
Start importing Assets/Textures/Down.renderTexture using Guid(ed472fb691731054aa7b7f76dba58b3b) Importer(2089858483,192608db42251d675da83286b1cce702) (ScriptedImporter) -> (artifact id: '601c70dbfaa35ba26cf47c013eec3943') in 0.002824834 seconds
Number of updated asset objects reloaded before import = 0Number of asset objects unloaded after import = 1

========================================================================
Received Import Request.
  Time since last request: 0.000075 seconds.
  path: Assets/Materials/RenderMaterials/Trail.mat
  artifactKey: Guid(a35ab5102e0dcad47afff345f34da3d9) Importer(2089858483,192608db42251d675da83286b1cce702)
Start importing Assets/Materials/RenderMaterials/Trail.mat using Guid(a35ab5102e0dcad47afff345f34da3d9) Importer(2089858483,192608db42251d675da83286b1cce702) (ScriptedImporter) -> (artifact id: '45310b899096f4199b0e19d7be4fdf20') in 0.007893583 seconds
Number of updated asset objects reloaded before import = 0Number of asset objects unloaded after import = 2

========================================================================
Received Import Request.
  Time since last request: 0.000110 seconds.
  path: Assets/Textures/Front.renderTexture
  artifactKey: Guid(34681e1ca097af246a906ab2c26df300) Importer(2089858483,192608db42251d675da83286b1cce702)
Start importing Assets/Textures/Front.renderTexture using Guid(34681e1ca097af246a906ab2c26df300) Importer(2089858483,192608db42251d675da83286b1cce702) (ScriptedImporter) -> (artifact id: '9270e18ceb3e8d27db47a870b7eaac4b') in 0.004319875 seconds
Number of updated asset objects reloaded before import = 0Number of asset objects unloaded after import = 1

========================================================================
Received Import Request.
  Time since last request: 0.000102 seconds.
  path: Assets/Settings/PC_Renderer.asset
  artifactKey: Guid(f288ae1f4751b564a96ac7587541f7a2) Importer(2089858483,192608db42251d675da83286b1cce702)
Start importing Assets/Settings/PC_Renderer.asset using Guid(f288ae1f4751b564a96ac7587541f7a2) Importer(2089858483,192608db42251d675da83286b1cce702) (ScriptedImporter) -> (artifact id: 'f40d0baaa8a01efd5a56f70dc2b08fee') in 0.027367042 seconds
Number of updated asset objects reloaded before import = 0Number of asset objects unloaded after import = 1

========================================================================
Received Import Request.
  Time since last request: 0.000068 seconds.
  path: Assets/Editor/ProjectionSetupMenu.cs
  artifactKey: Guid(6076f0ce056bf1d41bfde1688f82e27d) Importer(2089858483,192608db42251d675da83286b1cce702)
Start importing Assets/Editor/ProjectionSetupMenu.cs using Guid(6076f0ce056bf1d41bfde1688f82e27d) Importer(2089858483,192608db42251d675da83286b1cce702) (ScriptedImporter) -> (artifact id: 'ecdbdc09b08b188514bc4ede9d349b1c') in 0.001966166 seconds
Number of updated asset objects reloaded before import = 0Number of asset objects unloaded after import = 0

========================================================================
Received Import Request.
  Time since last request: 0.000041 seconds.
  path: Assets/URP/Scripts/Editor/ReadmeEditor.cs
  artifactKey: Guid(476cc7d7cd9874016adc216baab94a0a) Importer(2089858483,192608db42251d675da83286b1cce702)
Start importing Assets/URP/Scripts/Editor/ReadmeEditor.cs using Guid(476cc7d7cd9874016adc216baab94a0a) Importer(2089858483,192608db42251d675da83286b1cce702) (ScriptedImporter) -> (artifact id: '376f05a7d3e3e3cc47cc1851f2811dc0') in 0.002022583 seconds
Number of updated asset objects reloaded before import = 0Number of asset objects unloaded after import = 0

========================================================================
Received Import Request.
  Time since last request: 0.000055 seconds.
  path: Assets/Materials/Down.mat
  artifactKey: Guid(cd102512dfb71fe4abd4a595b11b0bda) Importer(2089858483,192608db42251d675da83286b1cce702)
Start importing Assets/Materials/Down.mat using Guid(cd102512dfb71fe4abd4a595b11b0bda) Importer(2089858483,192608db42251d675da83286b1cce702) (ScriptedImporter) -> (artifact id: '7eb73db137a21360b0cc04e960f841bb') in 0.003213125 seconds
Number of updated asset objects reloaded before import = 0Number of asset objects unloaded after import = 3

========================================================================
Received Import Request.
  Time since last request: 0.000093 seconds.
  path: Assets/Textures/Attic/Down.png
  artifactKey: Guid(e8a465acc3fae4dd8b998cf089c61731) Importer(2089858483,192608db42251d675da83286b1cce702)
Start importing Assets/Textures/Attic/Down.png using Guid(e8a465acc3fae4dd8b998cf089c61731) Importer(2089858483,192608db42251d675da83286b1cce702) (ScriptedImporter) -> (artifact id: 'ba6e67e03cded9aad8b09f1d6c5d5773') in 0.006869833 seconds
Number of updated asset objects reloaded before import = 0Number of asset objects unloaded after import = 1

========================================================================
Received Import Request.
  Time since last request: 0.000046 seconds.
  path: Assets/Textures/RenderTextures/RightRenderTexture.asset
  artifactKey: Guid(e01ee07565662234ca1b0f487bb59e66) Importer(2089858483,192608db42251d675da83286b1cce702)
Start importing Assets/Textures/RenderTextures/RightRenderTexture.asset using Guid(e01ee07565662234ca1b0f487bb59e66) Importer(2089858483,192608db42251d675da83286b1cce702) (ScriptedImporter) -> (artifact id: '83ab8b6cec20169e2a346991a2ae2d64') in 0.002633292 seconds
Number of updated asset objects reloaded before import = 0Number of asset objects unloaded after import = 1

========================================================================
Received Import Request.
  Time since last request: 0.000052 seconds.
  path: Assets/Textures/Right.renderTexture
  artifactKey: Guid(766b6b78b49ae634093a63a4c086f739) Importer(2089858483,192608db42251d675da83286b1cce702)
Start importing Assets/Textures/Right.renderTexture using Guid(766b6b78b49ae634093a63a4c086f739) Importer(2089858483,192608db42251d675da83286b1cce702) (ScriptedImporter) -> (artifact id: 'acea147034dd5f38bd3f2aebf888ad3d') in 0.004728166 seconds
Number of updated asset objects reloaded before import = 0Number of asset objects unloaded after import = 1

========================================================================
Received Import Request.
  Time since last request: 0.000040 seconds.
  path: Assets/ReadMe/SUMMARY.md
  artifactKey: Guid(36d078d7a1cc6b74ea7eb38fef19246f) Importer(2089858483,192608db42251d675da83286b1cce702)
Start importing Assets/ReadMe/SUMMARY.md using Guid(36d078d7a1cc6b74ea7eb38fef19246f) Importer(2089858483,192608db42251d675da83286b1cce702) (ScriptedImporter) -> (artifact id: '7181803ed64cf36e08fb4fe4ef1eb4b0') in 0.002335291 seconds
Number of updated asset objects reloaded before import = 0Number of asset objects unloaded after import = 1

========================================================================
Received Import Request.
  Time since last request: 30.009693 seconds.
  path: Assets/Unity.VisualScripting.Generated/VisualScripting.Flow
  artifactKey: Guid(84107081201924e0187180d093069e81) Importer(2089858483,192608db42251d675da83286b1cce702)
Start importing Assets/Unity.VisualScripting.Generated/VisualScripting.Flow using Guid(84107081201924e0187180d093069e81) Importer(2089858483,192608db42251d675da83286b1cce702) (ScriptedImporter) -> (artifact id: 'bafafa131d38d5decf74e5bfb9d0699b') in 0.01548475 seconds
Number of updated asset objects reloaded before import = 0Number of asset objects unloaded after import = 1

