Unity Editor version:    6000.0.44f1 (101c91f3a8fb)
Branch:                  6000.0/release
Build type:              Release
Batch mode:              YES
macOS version:           Version 15.5 (Build 24F74)
Darwin version:          24.5.0
Architecture:            arm64
Running under Rosetta:   NO
Available memory:        16384 MB
Using pre-set license
Pro License: YES

COMMAND LINE ARGUMENTS:
/Applications/Unity/Hub/Editor/6000.0.44f1/Unity.app/Contents/MacOS/Unity
-adb2
-batchMode
-noUpm
-name
AssetImportWorker1
-projectPath
/Users/andy/Downloads/metaversedesign_2
-logFile
Logs/AssetImportWorker1.log
-srvPort
49814
-job-worker-count
3
-background-job-worker-count
8
-gc-helper-count
1
Successfully changed project path to: /Users/andy/Downloads/metaversedesign_2
/Users/andy/Downloads/metaversedesign_2
[UnityMemory] Configuration Parameters - Can be set up in boot.config
    "memorysetup-bucket-allocator-granularity=16"
    "memorysetup-bucket-allocator-bucket-count=8"
    "memorysetup-bucket-allocator-block-size=33554432"
    "memorysetup-bucket-allocator-block-count=8"
    "memorysetup-main-allocator-block-size=16777216"
    "memorysetup-thread-allocator-block-size=16777216"
    "memorysetup-gfx-main-allocator-block-size=16777216"
    "memorysetup-gfx-thread-allocator-block-size=16777216"
    "memorysetup-cache-allocator-block-size=4194304"
    "memorysetup-typetree-allocator-block-size=2097152"
    "memorysetup-profiler-bucket-allocator-granularity=16"
    "memorysetup-profiler-bucket-allocator-bucket-count=8"
    "memorysetup-profiler-bucket-allocator-block-size=33554432"
    "memorysetup-profiler-bucket-allocator-block-count=8"
    "memorysetup-profiler-allocator-block-size=16777216"
    "memorysetup-profiler-editor-allocator-block-size=1048576"
    "memorysetup-temp-allocator-size-main=16777216"
    "memorysetup-job-temp-allocator-block-size=2097152"
    "memorysetup-job-temp-allocator-block-size-background=1048576"
    "memorysetup-job-temp-allocator-reduction-small-platforms=262144"
    "memorysetup-allocator-temp-initial-block-size-main=262144"
    "memorysetup-allocator-temp-initial-block-size-worker=262144"
    "memorysetup-temp-allocator-size-background-worker=32768"
    "memorysetup-temp-allocator-size-job-worker=262144"
    "memorysetup-temp-allocator-size-preload-manager=33554432"
    "memorysetup-temp-allocator-size-nav-mesh-worker=65536"
    "memorysetup-temp-allocator-size-audio-worker=65536"
    "memorysetup-temp-allocator-size-cloud-worker=32768"
    "memorysetup-temp-allocator-size-gi-baking-worker=262144"
    "memorysetup-temp-allocator-size-gi-baking-worker=262144"
    "memorysetup-temp-allocator-size-gi-baking-worker=262144"
    "memorysetup-temp-allocator-size-gi-baking-worker=262144"
    "memorysetup-temp-allocator-size-gi-baking-worker=262144"
    "memorysetup-temp-allocator-size-gfx=262144"
Player connection [8696323840]  Target information:

Player connection [8696323840]  * "[IP] 172.21.69.73 [Port] 0 [Flags] 2 [Guid] 39934256 [EditorId] 39934256 [Version] 1048832 [Id] OSXEditor(0,DevMacBook-Pro-14.local) [Debug] 1 [PackageName] OSXEditor [ProjectName] Editor" 

Player connection [8696323840] Host joined multi-casting on [225.0.0.222:54997]...
Player connection [8696323840] Host joined alternative multi-casting on [225.0.0.222:34997]...
JobSystem: Creating JobQueue using job-worker-count value 3
Input System module state changed to: Initialized.
[Physics::Module] Initialized fallback backend.
[Physics::Module] Id: 0xdecafbad
Library Redirect Path: Library/
[Physics::Module] Selected backend.
[Physics::Module] Name: PhysX
[Physics::Module] Id: 0xf2b8ea05
[Physics::Module] SDK Version: 4.1.2
[Physics::Module] Integration Version: 1.0.0
[Physics::Module] Threading Mode: Multi-Threaded
Refreshing native plugins compatible for Editor in 2.55 ms, found 2 plugins.
Preloading 0 native plugins for Editor in 0.00 ms.
Initialize engine version: 6000.0.44f1 (101c91f3a8fb)
[Subsystems] Discovering subsystems at path /Applications/Unity/Hub/Editor/6000.0.44f1/Unity.app/Contents/Resources/UnitySubsystems
[Subsystems] Discovering subsystems at path /Users/andy/Downloads/metaversedesign_2/Assets
GfxDevice: creating device client; kGfxThreadingModeNonThreaded
 preferred device: Apple M1 Pro (high power)
Metal devices available: 1
0: Apple M1 Pro (high power)
Using device Apple M1 Pro (high power)
Initializing Metal device caps: Apple M1 Pro
Initialize mono
Mono path[0] = '/Applications/Unity/Hub/Editor/6000.0.44f1/Unity.app/Contents/Managed'
Mono path[1] = '/Applications/Unity/Hub/Editor/6000.0.44f1/Unity.app/Contents/MonoBleedingEdge/lib/mono/unityjit-macos'
Mono config path = '/Applications/Unity/Hub/Editor/6000.0.44f1/Unity.app/Contents/MonoBleedingEdge/etc'
Using monoOptions --debugger-agent=transport=dt_socket,embedding=1,server=y,suspend=n,address=127.0.0.1:56057
Begin MonoManager ReloadAssembly
Registering precompiled unity dll's ...
Register platform support module: /Applications/Unity/Hub/Editor/6000.0.44f1/PlaybackEngines/WebGLSupport/UnityEditor.WebGL.Extensions.dll
Register platform support module: /Applications/Unity/Hub/Editor/6000.0.44f1/Unity.app/Contents/PlaybackEngines/MacStandaloneSupport/UnityEditor.OSXStandalone.Extensions.dll
Register platform support module: /Applications/Unity/Hub/Editor/6000.0.44f1/PlaybackEngines/AndroidPlayer/UnityEditor.Android.Extensions.dll
Registered in 0.006138 seconds.
- Loaded All Assemblies, in  0.318 seconds
Native extension for Android target not found
Android Extension - Scanning For ADB Devices 172 ms
Native extension for OSXStandalone target not found
Native extension for WebGL target not found
Mono: successfully reloaded assembly
- Finished resetting the current domain, in  0.457 seconds
Domain Reload Profiling: 775ms
	BeginReloadAssembly (108ms)
		ExecutionOrderSort (0ms)
		DisableScriptedObjects (0ms)
		BackupInstance (0ms)
		ReleaseScriptingObjects (0ms)
		CreateAndSetChildDomain (0ms)
	RebuildCommonClasses (28ms)
	RebuildNativeTypeToScriptingClass (10ms)
	initialDomainReloadingComplete (36ms)
	LoadAllAssembliesAndSetupDomain (137ms)
		LoadAssemblies (110ms)
		RebuildTransferFunctionScriptingTraits (0ms)
		AnalyzeDomain (132ms)
			TypeCache.Refresh (131ms)
				TypeCache.ScanAssembly (117ms)
			BuildScriptInfoCaches (0ms)
			ResolveRequiredComponents (0ms)
	FinalizeReload (458ms)
		ReleaseScriptCaches (0ms)
		RebuildScriptCaches (0ms)
		SetupLoadedEditorAssemblies (421ms)
			LogAssemblyErrors (0ms)
			InitializePlatformSupportModulesInManaged (234ms)
			SetLoadedEditorAssemblies (3ms)
			BeforeProcessingInitializeOnLoad (41ms)
			ProcessInitializeOnLoadAttributes (92ms)
			ProcessInitializeOnLoadMethodAttributes (52ms)
			AfterProcessingInitializeOnLoad (0ms)
			EditorAssembliesLoaded (0ms)
		ExecutionOrderSort2 (0ms)
		AwakeInstancesAfterBackupRestoration (0ms)
========================================================================
Worker process is ready to serve import requests
Import Worker Mode flag is 0x00
Begin MonoManager ReloadAssembly
- Loaded All Assemblies, in  0.584 seconds
Refreshing native plugins compatible for Editor in 0.37 ms, found 2 plugins.
Native extension for Android target not found
Native extension for OSXStandalone target not found
Native extension for WebGL target not found
Mono: successfully reloaded assembly
- Finished resetting the current domain, in  0.615 seconds
Domain Reload Profiling: 1194ms
	BeginReloadAssembly (101ms)
		ExecutionOrderSort (0ms)
		DisableScriptedObjects (4ms)
		BackupInstance (0ms)
		ReleaseScriptingObjects (0ms)
		CreateAndSetChildDomain (30ms)
	RebuildCommonClasses (31ms)
	RebuildNativeTypeToScriptingClass (14ms)
	initialDomainReloadingComplete (26ms)
	LoadAllAssembliesAndSetupDomain (408ms)
		LoadAssemblies (271ms)
		RebuildTransferFunctionScriptingTraits (0ms)
		AnalyzeDomain (184ms)
			TypeCache.Refresh (147ms)
				TypeCache.ScanAssembly (129ms)
			BuildScriptInfoCaches (27ms)
			ResolveRequiredComponents (8ms)
	FinalizeReload (615ms)
		ReleaseScriptCaches (0ms)
		RebuildScriptCaches (0ms)
		SetupLoadedEditorAssemblies (492ms)
			LogAssemblyErrors (0ms)
			InitializePlatformSupportModulesInManaged (7ms)
			SetLoadedEditorAssemblies (4ms)
			BeforeProcessingInitializeOnLoad (79ms)
			ProcessInitializeOnLoadAttributes (341ms)
			ProcessInitializeOnLoadMethodAttributes (59ms)
			AfterProcessingInitializeOnLoad (1ms)
			EditorAssembliesLoaded (0ms)
		ExecutionOrderSort2 (0ms)
		AwakeInstancesAfterBackupRestoration (2ms)
Launching external process: /Applications/Unity/Hub/Editor/6000.0.44f1/Unity.app/Contents/Tools/UnityShaderCompiler
Launched and connected shader compiler UnityShaderCompiler after 0.05 seconds
Refreshing native plugins compatible for Editor in 0.44 ms, found 2 plugins.
Preloading 0 native plugins for Editor in 0.00 ms.
Unloading 199 Unused Serialized files (Serialized files now loaded: 0)
Unloading 5997 unused Assets / (3.5 MB). Loaded Objects now: 6689.
Memory consumption went from 156.0 MB to 152.5 MB.
Total: 6.253792 ms (FindLiveObjects: 0.506917 ms CreateObjectMapping: 0.172000 ms MarkObjects: 4.217292 ms  DeleteObjects: 1.357125 ms)

========================================================================
Received Import Request.
  Time since last request: 995245.154984 seconds.
  path: Assets/Textures/Attic/Front.png
  artifactKey: Guid(e9dfd153886fc41f58205cb7cf52e9e7) Importer(2089858483,192608db42251d675da83286b1cce702)
Start importing Assets/Textures/Attic/Front.png using Guid(e9dfd153886fc41f58205cb7cf52e9e7) Importer(2089858483,192608db42251d675da83286b1cce702) (ScriptedImporter) -> (artifact id: 'f6bd58577dead915b758efdc0181ef02') in 0.126859667 seconds
Number of updated asset objects reloaded before import = 0Number of asset objects unloaded after import = 1

========================================================================
Received Import Request.
  Time since last request: 0.000089 seconds.
  path: Assets/Scripts/TimeBasedParticleEvolution.cs
  artifactKey: Guid(9fbdab4f36ab8ea4bbffb9e551f61c6d) Importer(2089858483,192608db42251d675da83286b1cce702)
Start importing Assets/Scripts/TimeBasedParticleEvolution.cs using Guid(9fbdab4f36ab8ea4bbffb9e551f61c6d) Importer(2089858483,192608db42251d675da83286b1cce702) (ScriptedImporter) -> (artifact id: '66ae74882678b0e9a6c88d18ca1ecb47') in 0.007184417 seconds
Number of updated asset objects reloaded before import = 0Number of asset objects unloaded after import = 0

========================================================================
Received Import Request.
  Time since last request: 0.000077 seconds.
  path: Assets/Resources/PerformanceTestRunInfo.json
  artifactKey: Guid(1e84b700da2e245d99d6d312d0b843c1) Importer(2089858483,192608db42251d675da83286b1cce702)
Start importing Assets/Resources/PerformanceTestRunInfo.json using Guid(1e84b700da2e245d99d6d312d0b843c1) Importer(2089858483,192608db42251d675da83286b1cce702) (ScriptedImporter) -> (artifact id: '3c6703bf8094b5adcec579b91c121bfe') in 0.00345725 seconds
Number of updated asset objects reloaded before import = 0Number of asset objects unloaded after import = 1

========================================================================
Received Import Request.
  Time since last request: 0.000087 seconds.
  path: Assets/Materials/RenderMaterials/Default.mat
  artifactKey: Guid(20381b6b133f9c34891e9660ff420c4c) Importer(2089858483,192608db42251d675da83286b1cce702)
Start importing Assets/Materials/RenderMaterials/Default.mat using Guid(20381b6b133f9c34891e9660ff420c4c) Importer(2089858483,192608db42251d675da83286b1cce702) (ScriptedImporter) -> (artifact id: '71cd17f3e75f7349477353942c0312a4') in 0.016397208 seconds
Number of updated asset objects reloaded before import = 0Number of asset objects unloaded after import = 1

========================================================================
Received Import Request.
  Time since last request: 0.000039 seconds.
  path: Assets/Starfield Skybox/Demo/Textures/Front_Tex.png
  artifactKey: Guid(a5e005e6ff4298340b2ff009a5991908) Importer(2089858483,192608db42251d675da83286b1cce702)
Start importing Assets/Starfield Skybox/Demo/Textures/Front_Tex.png using Guid(a5e005e6ff4298340b2ff009a5991908) Importer(2089858483,192608db42251d675da83286b1cce702) (ScriptedImporter) -> (artifact id: '912e1101e3d74ce4effad05d9526aa34') in 0.070798917 seconds
Number of updated asset objects reloaded before import = 0Number of asset objects unloaded after import = 1

========================================================================
Received Import Request.
  Time since last request: 0.000095 seconds.
  path: Assets/Scripts/ClickForceFieldController.cs
  artifactKey: Guid(1db89730765396443839e237b5f1434a) Importer(2089858483,192608db42251d675da83286b1cce702)
Start importing Assets/Scripts/ClickForceFieldController.cs using Guid(1db89730765396443839e237b5f1434a) Importer(2089858483,192608db42251d675da83286b1cce702) (ScriptedImporter) -> (artifact id: 'ae8437f272b5b761e270858f69ca8db4') in 0.002684541 seconds
Number of updated asset objects reloaded before import = 0Number of asset objects unloaded after import = 0

========================================================================
Received Import Request.
  Time since last request: 0.000084 seconds.
  path: Assets/Textures/RenderTextures/LeftRenderTexture.asset
  artifactKey: Guid(fdd84cb763f431a45b78ac62a8be4494) Importer(2089858483,192608db42251d675da83286b1cce702)
Start importing Assets/Textures/RenderTextures/LeftRenderTexture.asset using Guid(fdd84cb763f431a45b78ac62a8be4494) Importer(2089858483,192608db42251d675da83286b1cce702) (ScriptedImporter) -> (artifact id: '3cf8705340f0e22b4486c06a2d82ac5c') in 0.005586292 seconds
Number of updated asset objects reloaded before import = 0Number of asset objects unloaded after import = 1

========================================================================
Received Import Request.
  Time since last request: 0.000060 seconds.
  path: Assets/Starfield Skybox/Demo/Script/LookCamera.cs
  artifactKey: Guid(9a3e5f51e31f79c4fb340e92ffc286e8) Importer(2089858483,192608db42251d675da83286b1cce702)
Start importing Assets/Starfield Skybox/Demo/Script/LookCamera.cs using Guid(9a3e5f51e31f79c4fb340e92ffc286e8) Importer(2089858483,192608db42251d675da83286b1cce702) (ScriptedImporter) -> (artifact id: '5b2284a308bd22440c05f01ab995c4e3') in 0.002148292 seconds
Number of updated asset objects reloaded before import = 0Number of asset objects unloaded after import = 0

========================================================================
Received Import Request.
  Time since last request: 0.000067 seconds.
  path: Assets/ReadMe/README.md
  artifactKey: Guid(1d80541c187b9c349833fa3ab92d130e) Importer(2089858483,192608db42251d675da83286b1cce702)
Start importing Assets/ReadMe/README.md using Guid(1d80541c187b9c349833fa3ab92d130e) Importer(2089858483,192608db42251d675da83286b1cce702) (ScriptedImporter) -> (artifact id: 'bd745c6cc2cd5373c2237ea1e440cf66') in 0.002192584 seconds
Number of updated asset objects reloaded before import = 0Number of asset objects unloaded after import = 1

========================================================================
Received Import Request.
  Time since last request: 0.000077 seconds.
  path: Assets/Textures/RenderTextures/FrontRenderTexture.asset
  artifactKey: Guid(b135376448f302f438b8e2c723e4018d) Importer(2089858483,192608db42251d675da83286b1cce702)
Start importing Assets/Textures/RenderTextures/FrontRenderTexture.asset using Guid(b135376448f302f438b8e2c723e4018d) Importer(2089858483,192608db42251d675da83286b1cce702) (ScriptedImporter) -> (artifact id: '632d3360ccfd7e0dec5067626e4a6c5d') in 0.003501667 seconds
Number of updated asset objects reloaded before import = 0Number of asset objects unloaded after import = 1

========================================================================
Received Import Request.
  Time since last request: 0.000066 seconds.
  path: Assets/Starfield Skybox/Demo/Textures/Back_Tex.png
  artifactKey: Guid(b692a498a0379a341872703d288b04af) Importer(2089858483,192608db42251d675da83286b1cce702)
Start importing Assets/Starfield Skybox/Demo/Textures/Back_Tex.png using Guid(b692a498a0379a341872703d288b04af) Importer(2089858483,192608db42251d675da83286b1cce702) (ScriptedImporter) -> (artifact id: 'ad9403fd6364be1b831f7a69fffd70f7') in 0.019069625 seconds
Number of updated asset objects reloaded before import = 0Number of asset objects unloaded after import = 1

========================================================================
Received Import Request.
  Time since last request: 0.000052 seconds.
  path: Assets/URP/Layout.wlt
  artifactKey: Guid(eabc9546105bf4accac1fd62a63e88e6) Importer(2089858483,192608db42251d675da83286b1cce702)
Start importing Assets/URP/Layout.wlt using Guid(eabc9546105bf4accac1fd62a63e88e6) Importer(2089858483,192608db42251d675da83286b1cce702) (ScriptedImporter) -> (artifact id: '6a4d27edc184a3ec772110aa167eb01e') in 0.002142666 seconds
Number of updated asset objects reloaded before import = 0Number of asset objects unloaded after import = 1

========================================================================
Received Import Request.
  Time since last request: 0.000046 seconds.
  path: Assets/Textures/Attic/Left.png
  artifactKey: Guid(bbb0fdb78517748bc9fd8fad5f2985c7) Importer(2089858483,192608db42251d675da83286b1cce702)
Start importing Assets/Textures/Attic/Left.png using Guid(bbb0fdb78517748bc9fd8fad5f2985c7) Importer(2089858483,192608db42251d675da83286b1cce702) (ScriptedImporter) -> (artifact id: '8d03fb5cd84239210ff29bce5a13f86b') in 0.006300458 seconds
Number of updated asset objects reloaded before import = 0Number of asset objects unloaded after import = 1

========================================================================
Received Import Request.
  Time since last request: 0.000048 seconds.
  path: Assets/URP/Icons/URP.png
  artifactKey: Guid(727a75301c3d24613a3ebcec4a24c2c8) Importer(2089858483,192608db42251d675da83286b1cce702)
Start importing Assets/URP/Icons/URP.png using Guid(727a75301c3d24613a3ebcec4a24c2c8) Importer(2089858483,192608db42251d675da83286b1cce702) (ScriptedImporter) -> (artifact id: 'ef61ede71b802e9ff8b3ad4492eb1130') in 0.009255875 seconds
Number of updated asset objects reloaded before import = 0Number of asset objects unloaded after import = 1

========================================================================
Received Import Request.
  Time since last request: 0.000092 seconds.
  path: Assets/Starfield Skybox/Demo/Textures/Left_Tex.png
  artifactKey: Guid(80f1020b68f9b794994187bf41ba9d21) Importer(2089858483,192608db42251d675da83286b1cce702)
Start importing Assets/Starfield Skybox/Demo/Textures/Left_Tex.png using Guid(80f1020b68f9b794994187bf41ba9d21) Importer(2089858483,192608db42251d675da83286b1cce702) (ScriptedImporter) -> (artifact id: '2362275673c6f0c1338e221f130ac96b') in 0.020476875 seconds
Number of updated asset objects reloaded before import = 0Number of asset objects unloaded after import = 1

========================================================================
Received Import Request.
  Time since last request: 0.000161 seconds.
  path: Assets/URP/Readme.asset
  artifactKey: Guid(8105016687592461f977c054a80ce2f2) Importer(2089858483,192608db42251d675da83286b1cce702)
Start importing Assets/URP/Readme.asset using Guid(8105016687592461f977c054a80ce2f2) Importer(2089858483,192608db42251d675da83286b1cce702) (ScriptedImporter) -> (artifact id: 'b6d70b2991547e081c5e3c459b104c67') in 0.013949125 seconds
Number of updated asset objects reloaded before import = 0Number of asset objects unloaded after import = 2

========================================================================
Received Import Request.
  Time since last request: 0.000038 seconds.
  path: Assets/Scripts/CameraShake.cs
  artifactKey: Guid(add5977d44a1edf42a51eb476f181c90) Importer(2089858483,192608db42251d675da83286b1cce702)
Start importing Assets/Scripts/CameraShake.cs using Guid(add5977d44a1edf42a51eb476f181c90) Importer(2089858483,192608db42251d675da83286b1cce702) (ScriptedImporter) -> (artifact id: '94074c4dbe28cd3dab558a0a84ddd474') in 0.001902458 seconds
Number of updated asset objects reloaded before import = 0Number of asset objects unloaded after import = 0

========================================================================
Received Import Request.
  Time since last request: 0.000075 seconds.
  path: Assets/Materials/RenderMaterials/CombinedTextureMaterial.mat
  artifactKey: Guid(55cdce18517b9ff43996cb0f4266166d) Importer(2089858483,192608db42251d675da83286b1cce702)
Start importing Assets/Materials/RenderMaterials/CombinedTextureMaterial.mat using Guid(55cdce18517b9ff43996cb0f4266166d) Importer(2089858483,192608db42251d675da83286b1cce702) (ScriptedImporter) -> (artifact id: '9550aa3cef0afbaa5f9686269f7a6a4e') in 0.003759 seconds
Number of updated asset objects reloaded before import = 0Number of asset objects unloaded after import = 4

========================================================================
Received Import Request.
  Time since last request: 0.000038 seconds.
  path: Assets/Scripts/MultiCameraSetup.cs
  artifactKey: Guid(d61eb746c467a4247962349daa07f0d9) Importer(2089858483,192608db42251d675da83286b1cce702)
Start importing Assets/Scripts/MultiCameraSetup.cs using Guid(d61eb746c467a4247962349daa07f0d9) Importer(2089858483,192608db42251d675da83286b1cce702) (ScriptedImporter) -> (artifact id: 'e3a4b46a6c83cb0a27401d90b59c08ec') in 0.001722292 seconds
Number of updated asset objects reloaded before import = 0Number of asset objects unloaded after import = 0

========================================================================
Received Import Request.
  Time since last request: 0.000047 seconds.
  path: Assets/Textures/Examples/TextureCombinerExample.cs
  artifactKey: Guid(8d73f0d61534840469fd1c7e6f174ba9) Importer(2089858483,192608db42251d675da83286b1cce702)
Start importing Assets/Textures/Examples/TextureCombinerExample.cs using Guid(8d73f0d61534840469fd1c7e6f174ba9) Importer(2089858483,192608db42251d675da83286b1cce702) (ScriptedImporter) -> (artifact id: '22885687fb9fe6adc6828e6ecd4a21d1') in 0.002140292 seconds
Number of updated asset objects reloaded before import = 0Number of asset objects unloaded after import = 0

========================================================================
Received Import Request.
  Time since last request: 0.000048 seconds.
  path: Assets/Starfield Skybox/Demo/Textures/Down_Tex.png
  artifactKey: Guid(a3b2b45ab4da8b343ad09a56207d3910) Importer(2089858483,192608db42251d675da83286b1cce702)
Start importing Assets/Starfield Skybox/Demo/Textures/Down_Tex.png using Guid(a3b2b45ab4da8b343ad09a56207d3910) Importer(2089858483,192608db42251d675da83286b1cce702) (ScriptedImporter) -> (artifact id: '7309277e340e8f5e1058511d10986656') in 0.019539584 seconds
Number of updated asset objects reloaded before import = 0Number of asset objects unloaded after import = 1

========================================================================
Received Import Request.
  Time since last request: 0.000081 seconds.
  path: Assets/ReadMe/README.html
  artifactKey: Guid(96c0f60b47836814ebc6821d37288e9d) Importer(2089858483,192608db42251d675da83286b1cce702)
Start importing Assets/ReadMe/README.html using Guid(96c0f60b47836814ebc6821d37288e9d) Importer(2089858483,192608db42251d675da83286b1cce702) (ScriptedImporter) -> (artifact id: '7527cd87e0877b2d9b181c7001fc0eb4') in 0.013076708 seconds
Number of updated asset objects reloaded before import = 0Number of asset objects unloaded after import = 1

========================================================================
Received Import Request.
  Time since last request: 0.000083 seconds.
  path: Assets/Editor/TextureCombinerEditor.cs
  artifactKey: Guid(694be3db657cfb145b91cc5dba053110) Importer(2089858483,192608db42251d675da83286b1cce702)
Start importing Assets/Editor/TextureCombinerEditor.cs using Guid(694be3db657cfb145b91cc5dba053110) Importer(2089858483,192608db42251d675da83286b1cce702) (ScriptedImporter) -> (artifact id: '3d950b3897d0009a79abea64456eaf23') in 0.002416166 seconds
Number of updated asset objects reloaded before import = 0Number of asset objects unloaded after import = 0

========================================================================
Received Import Request.
  Time since last request: 0.000044 seconds.
  path: Assets/Materials/Combined.mat
  artifactKey: Guid(6b4905cd37f1bef42833b511fcdab4bd) Importer(2089858483,192608db42251d675da83286b1cce702)
Start importing Assets/Materials/Combined.mat using Guid(6b4905cd37f1bef42833b511fcdab4bd) Importer(2089858483,192608db42251d675da83286b1cce702) (ScriptedImporter) -> (artifact id: '1b3c9d55850673b5f95dc7321e32fa34') in 0.003396625 seconds
Number of updated asset objects reloaded before import = 0Number of asset objects unloaded after import = 3

========================================================================
Received Import Request.
  Time since last request: 0.000061 seconds.
  path: Assets/Settings/Mobile_Renderer.asset
  artifactKey: Guid(65bc7dbf4170f435aa868c779acfb082) Importer(2089858483,192608db42251d675da83286b1cce702)
Start importing Assets/Settings/Mobile_Renderer.asset using Guid(65bc7dbf4170f435aa868c779acfb082) Importer(2089858483,192608db42251d675da83286b1cce702) (ScriptedImporter) -> (artifact id: '1231afdf520879e57073299c8b5b50de') in 0.016257875 seconds
Number of updated asset objects reloaded before import = 0Number of asset objects unloaded after import = 1

========================================================================
Received Import Request.
  Time since last request: 0.000071 seconds.
  path: Assets/Textures/Examples/TextureCombinerExample.unity
  artifactKey: Guid(d72e5068ca9244e428e52f0b15d3b036) Importer(2089858483,192608db42251d675da83286b1cce702)
Start importing Assets/Textures/Examples/TextureCombinerExample.unity using Guid(d72e5068ca9244e428e52f0b15d3b036) Importer(2089858483,192608db42251d675da83286b1cce702) (ScriptedImporter) -> (artifact id: '7cc110fc02e248bb157669bc1e417b8b') in 0.003299334 seconds
Number of updated asset objects reloaded before import = 0Number of asset objects unloaded after import = 1

========================================================================
Received Import Request.
  Time since last request: 0.000056 seconds.
  path: Assets/Scenes/Main2.unity
  artifactKey: Guid(079f57fa8408f4159ac9828ffc11fc33) Importer(2089858483,192608db42251d675da83286b1cce702)
Start importing Assets/Scenes/Main2.unity using Guid(079f57fa8408f4159ac9828ffc11fc33) Importer(2089858483,192608db42251d675da83286b1cce702) (ScriptedImporter) -> (artifact id: '7b59fc0017b4c1524253f37bfa93047d') in 0.003735791 seconds
Number of updated asset objects reloaded before import = 0Number of asset objects unloaded after import = 1

========================================================================
Received Import Request.
  Time since last request: 0.000044 seconds.
  path: Assets/Editor/ProjectionSetupEditor.cs
  artifactKey: Guid(50f0ab5be3488264992c95f13953ee74) Importer(2089858483,192608db42251d675da83286b1cce702)
Start importing Assets/Editor/ProjectionSetupEditor.cs using Guid(50f0ab5be3488264992c95f13953ee74) Importer(2089858483,192608db42251d675da83286b1cce702) (ScriptedImporter) -> (artifact id: 'd5c5dd2872cbddf52bd538344c2c53d8') in 0.001985333 seconds
Number of updated asset objects reloaded before import = 0Number of asset objects unloaded after import = 0

========================================================================
Received Import Request.
  Time since last request: 0.000054 seconds.
  path: Assets/Materials/Front.mat
  artifactKey: Guid(9b04aeda3ac628444847a245e8e921d3) Importer(2089858483,192608db42251d675da83286b1cce702)
Start importing Assets/Materials/Front.mat using Guid(9b04aeda3ac628444847a245e8e921d3) Importer(2089858483,192608db42251d675da83286b1cce702) (ScriptedImporter) -> (artifact id: '520869f8488ce6aab008f938343c50a8') in 0.003802459 seconds
Number of updated asset objects reloaded before import = 0Number of asset objects unloaded after import = 3

========================================================================
Received Import Request.
  Time since last request: 0.000043 seconds.
  path: Assets/Resources/PerformanceTestRunSettings.json
  artifactKey: Guid(3d997d08e7c3f4ef9b0713fe1616f5c4) Importer(2089858483,192608db42251d675da83286b1cce702)
Start importing Assets/Resources/PerformanceTestRunSettings.json using Guid(3d997d08e7c3f4ef9b0713fe1616f5c4) Importer(2089858483,192608db42251d675da83286b1cce702) (ScriptedImporter) -> (artifact id: '76a43ad69d43d2ab57d7deac2772f8ee') in 0.003891375 seconds
Number of updated asset objects reloaded before import = 0Number of asset objects unloaded after import = 1

========================================================================
Received Import Request.
  Time since last request: 0.000061 seconds.
  path: Assets/Scripts/SceneTransitionManager.cs
  artifactKey: Guid(9daabd0da561244efad198d13ceec05c) Importer(2089858483,192608db42251d675da83286b1cce702)
Start importing Assets/Scripts/SceneTransitionManager.cs using Guid(9daabd0da561244efad198d13ceec05c) Importer(2089858483,192608db42251d675da83286b1cce702) (ScriptedImporter) -> (artifact id: 'ffb827d0c3833afd1cf2c14cfbc89525') in 0.001782333 seconds
Number of updated asset objects reloaded before import = 0Number of asset objects unloaded after import = 0

========================================================================
Received Import Request.
  Time since last request: 0.000087 seconds.
  path: Assets/Scripts/TextureCombiner.cs
  artifactKey: Guid(47f88c51a8fc8f5488545ee1480b47d3) Importer(2089858483,192608db42251d675da83286b1cce702)
Start importing Assets/Scripts/TextureCombiner.cs using Guid(47f88c51a8fc8f5488545ee1480b47d3) Importer(2089858483,192608db42251d675da83286b1cce702) (ScriptedImporter) -> (artifact id: '57d12f7415c2296fd73aac20f41db662') in 0.001747709 seconds
Number of updated asset objects reloaded before import = 0Number of asset objects unloaded after import = 0

========================================================================
Received Import Request.
  Time since last request: 0.000075 seconds.
  path: Assets/Textures/Combined.renderTexture
  artifactKey: Guid(d41ba7f785c2f164282296eecec9dd1b) Importer(2089858483,192608db42251d675da83286b1cce702)
Start importing Assets/Textures/Combined.renderTexture using Guid(d41ba7f785c2f164282296eecec9dd1b) Importer(2089858483,192608db42251d675da83286b1cce702) (ScriptedImporter) -> (artifact id: '34abc6de5b12eda11f8f518b06b9ca8f') in 0.002528834 seconds
Number of updated asset objects reloaded before import = 0Number of asset objects unloaded after import = 1

========================================================================
Received Import Request.
  Time since last request: 0.000059 seconds.
  path: Assets/Scripts/SinCosForceFieldDirection.cs
  artifactKey: Guid(0ec00f3c622a35d46a02d9d1806fe7c7) Importer(2089858483,192608db42251d675da83286b1cce702)
Start importing Assets/Scripts/SinCosForceFieldDirection.cs using Guid(0ec00f3c622a35d46a02d9d1806fe7c7) Importer(2089858483,192608db42251d675da83286b1cce702) (ScriptedImporter) -> (artifact id: '232fc89d0eeb07705f4f2a2b999dacaa') in 0.0023085 seconds
Number of updated asset objects reloaded before import = 0Number of asset objects unloaded after import = 0

========================================================================
Received Import Request.
  Time since last request: 0.000031 seconds.
  path: Assets/Starfield Skybox/Skybox.mat
  artifactKey: Guid(81f714daf7144784b8a2f42f1cd30927) Importer(2089858483,192608db42251d675da83286b1cce702)
Start importing Assets/Starfield Skybox/Skybox.mat using Guid(81f714daf7144784b8a2f42f1cd30927) Importer(2089858483,192608db42251d675da83286b1cce702) (ScriptedImporter) -> (artifact id: '9e4204baadc766f9f0a987621cbd4adb') in 0.064793417 seconds
Number of updated asset objects reloaded before import = 0Number of asset objects unloaded after import = 7

========================================================================
Received Import Request.
  Time since last request: 0.000063 seconds.
  path: Assets/Starfield Skybox/Demo/DemoSceneSettings.lighting
  artifactKey: Guid(553e9b686da339b4ebdceabe99bf0b96) Importer(2089858483,192608db42251d675da83286b1cce702)
Start importing Assets/Starfield Skybox/Demo/DemoSceneSettings.lighting using Guid(553e9b686da339b4ebdceabe99bf0b96) Importer(2089858483,192608db42251d675da83286b1cce702) (ScriptedImporter)The Progressive CPU lightmapper is not available for Apple Silicon, switching to the Progressive GPU lightmapper.
UnityEngine.Debug:ExtractStackTraceNoAlloc (byte*,int,string)
UnityEngine.StackTraceUtility:ExtractStackTrace () (at /Users/bokken/build/output/unity/unity/Runtime/Export/Scripting/StackTrace.cs:37)
UnityEditor.AssetDatabase:LoadMainAssetAtPath (string)
UnityEditor.Search.AssetIndexer:IndexProperties (int&,string&,bool&) (at /Users/bokken/build/output/unity/unity/Modules/QuickSearch/Editor/Indexing/AssetIndexer.cs:300)
UnityEditor.Search.AssetIndexer:IndexDocument (string,bool) (at /Users/bokken/build/output/unity/unity/Modules/QuickSearch/Editor/Indexing/AssetIndexer.cs:207)
UnityEditor.Search.SearchIndexEntryImporter:OnImportAsset (UnityEditor.AssetImporters.AssetImportContext) (at /Users/bokken/build/output/unity/unity/Modules/QuickSearch/Editor/Indexing/SearchIndexEntryImporter.cs:64)
UnityEditor.AssetImporters.ScriptedImporter:GenerateAssetData (UnityEditor.AssetImporters.AssetImportContext) (at /Users/bokken/build/output/unity/unity/Modules/AssetPipelineEditor/Public/ScriptedImporter.cs:25)

[/Users/bokken/build/output/unity/unity/Modules/QuickSearch/Editor/Indexing/AssetIndexer.cs line 300]

LightingSettings: switching bake backend from 2 to 1.
 -> (artifact id: '95dde2aa79d65804c4d1f1b8834e00d6') in 0.009879834 seconds
Number of updated asset objects reloaded before import = 0Number of asset objects unloaded after import = 1

========================================================================
Received Import Request.
  Time since last request: 0.000081 seconds.
  path: Assets/Settings/DefaultVolumeProfile.asset
  artifactKey: Guid(ab09877e2e707104187f6f83e2f62510) Importer(2089858483,192608db42251d675da83286b1cce702)
Start importing Assets/Settings/DefaultVolumeProfile.asset using Guid(ab09877e2e707104187f6f83e2f62510) Importer(2089858483,192608db42251d675da83286b1cce702) (ScriptedImporter) -> (artifact id: 'ee949fec40247b50972a28f76deee4ec') in 0.003534375 seconds
Number of updated asset objects reloaded before import = 0Number of asset objects unloaded after import = 0

========================================================================
Received Import Request.
  Time since last request: 0.000049 seconds.
  path: Assets/Materials/Left.mat
  artifactKey: Guid(9932deae76815934692bfb629a81aabc) Importer(2089858483,192608db42251d675da83286b1cce702)
Start importing Assets/Materials/Left.mat using Guid(9932deae76815934692bfb629a81aabc) Importer(2089858483,192608db42251d675da83286b1cce702) (ScriptedImporter) -> (artifact id: '0306dcc2fd96e478781cc07add6f4263') in 0.003226917 seconds
Number of updated asset objects reloaded before import = 0Number of asset objects unloaded after import = 3

========================================================================
Received Import Request.
  Time since last request: 0.000049 seconds.
  path: Assets/Settings/UniversalRenderPipelineGlobalSettings.asset
  artifactKey: Guid(18dc0cd2c080841dea60987a38ce93fa) Importer(2089858483,192608db42251d675da83286b1cce702)
Start importing Assets/Settings/UniversalRenderPipelineGlobalSettings.asset using Guid(18dc0cd2c080841dea60987a38ce93fa) Importer(2089858483,192608db42251d675da83286b1cce702) (ScriptedImporter) -> (artifact id: '9fb48bba831dd8e398d9df52e1c42334') in 0.043878958 seconds
Number of updated asset objects reloaded before import = 0Number of asset objects unloaded after import = 0

========================================================================
Received Import Request.
  Time since last request: 30.026461 seconds.
  path: Assets/Unity.VisualScripting.Generated/VisualScripting.Flow/UnitOptions.db
  artifactKey: Guid(d40d59370853b42119f6d19ef64ec721) Importer(2089858483,192608db42251d675da83286b1cce702)
Start importing Assets/Unity.VisualScripting.Generated/VisualScripting.Flow/UnitOptions.db using Guid(d40d59370853b42119f6d19ef64ec721) Importer(2089858483,192608db42251d675da83286b1cce702) (ScriptedImporter) -> (artifact id: 'd4666f35613b78955d2aab9afc99e241') in 0.015271917 seconds
Number of updated asset objects reloaded before import = 0Number of asset objects unloaded after import = 1

========================================================================
Received Import Request.
  Time since last request: 0.000106 seconds.
  path: Assets/Unity.VisualScripting.Generated
  artifactKey: Guid(24237e748c6824a2ea8736f4d230bd49) Importer(2089858483,192608db42251d675da83286b1cce702)
Start importing Assets/Unity.VisualScripting.Generated using Guid(24237e748c6824a2ea8736f4d230bd49) Importer(2089858483,192608db42251d675da83286b1cce702) (ScriptedImporter) -> (artifact id: 'd274e94823d7082a92e8594bcfe09c32') in 0.002190416 seconds
Number of updated asset objects reloaded before import = 0Number of asset objects unloaded after import = 1

